<?xml version="1.0" encoding="UTF-8"?>
<!-- Generated by org.testng.reporters.JUnitReportReporter -->
<testsuite hostname="Wilfy_Ausus" failures="0" tests="2" name="TestCases.FindNewCars" time="15.390" errors="0" timestamp="07 Dec 2023 08:40:26 GMT" skipped="0">
  <testcase classname="TestCases.FindNewCars" name="newCar" time="8.021"/>
  <testcase classname="TestCases.FindNewCars" name="newCar" time="7.369"/>
</testsuite> <!-- TestCases.FindNewCars -->
